c:\users\alex\source\repos\pfe\pfe\x64\debug\vc142.pdb
c:\users\alex\source\repos\pfe\pfe\x64\debug\vc142.idb
c:\users\alex\source\repos\pfe\pfe\x64\debug\camerastream.obj
c:\users\alex\source\repos\pfe\pfe\x64\debug\wall.obj
c:\users\alex\source\repos\pfe\pfe\x64\debug\vector2d.obj
c:\users\alex\source\repos\pfe\pfe\x64\debug\collisiondetection.obj
c:\users\alex\source\repos\pfe\pfe\x64\debug\ball.obj
c:\users\alex\source\repos\pfe\pfe\x64\debug\anglemodel.obj
c:\users\alex\source\repos\pfe\pfe\x64\debug\transformation.obj
c:\users\alex\source\repos\pfe\pfe\x64\debug\opengl.obj
c:\users\alex\source\repos\pfe\pfe\x64\debug\glutwindow.obj
c:\users\alex\source\repos\pfe\pfe\x64\debug\glutmaster.obj
c:\users\alex\source\repos\pfe\pfe\x64\debug\main.obj
c:\users\alex\source\repos\pfe\pfe\x64\debug\edgedetection.obj
c:\users\alex\source\repos\pfe\pfe\x64\debug\muse.obj
c:\users\alex\source\repos\pfe\x64\debug\pfe.exe
c:\users\alex\source\repos\pfe\x64\debug\pfe.ilk
c:\users\alex\source\repos\pfe\x64\debug\pfe.pdb
c:\users\alex\source\repos\pfe\pfe\x64\debug\pfe.tlog\cl.command.1.tlog
c:\users\alex\source\repos\pfe\pfe\x64\debug\pfe.tlog\cl.read.1.tlog
c:\users\alex\source\repos\pfe\pfe\x64\debug\pfe.tlog\cl.write.1.tlog
c:\users\alex\source\repos\pfe\pfe\x64\debug\pfe.tlog\link.command.1.tlog
c:\users\alex\source\repos\pfe\pfe\x64\debug\pfe.tlog\link.read.1.tlog
c:\users\alex\source\repos\pfe\pfe\x64\debug\pfe.tlog\link.write.1.tlog
